<?xml version="1.0" encoding="UTF-8"?>
<testsuite xmlns:xsi="http://www.w3.org/2001/XMLSchema-instance" xsi:noNamespaceSchemaLocation="https://maven.apache.org/surefire/maven-surefire-plugin/xsd/surefire-test-report.xsd" name="com.TSI.Rhys.Meyer.AnimalTesting.AnimalTests" time="0.103" tests="2" errors="0" skipped="0" failures="0">
  <properties>
[...]
</properties>
  <testcase name="EatTest" classname="com.TSI.Rhys.Meyer.AnimalTesting.AnimalTests" time="0.066"/>
  <testcase name="AgeTest" classname="com.TSI.Rhys.Meyer.AnimalTesting.AnimalTests" time="0.002"/>
</testsuite>